-------------------------------------------------------------------------------
Test set: br.com.alura.microservice.transportador.TransportadorApplicationTests
-------------------------------------------------------------------------------
Tests run: 1, Failures: 0, Errors: 1, Skipped: 0, Time elapsed: 0.741 s <<< FAILURE! - in br.com.alura.microservice.transportador.TransportadorApplicationTests
initializationError(br.com.alura.microservice.transportador.TransportadorApplicationTests)  Time elapsed: 0.009 s  <<< ERROR!
java.lang.IllegalStateException: Unable to find a @SpringBootConfiguration, you need to use @ContextConfiguration or @SpringBootTest(classes=...) with your test

