<?xml version="1.0" encoding="UTF-8"?>
<testsuite xmlns:xsi="http://www.w3.org/2001/XMLSchema-instance" xsi:noNamespaceSchemaLocation="https://maven.apache.org/surefire/maven-surefire-plugin/xsd/surefire-test-report.xsd" name="br.com.alura.microservice.transportador.TransportadorApplicationTests" time="0.741" tests="1" errors="1" skipped="0" failures="0">
  <properties>
[...]
</properties>
  <testcase name="initializationError" classname="br.com.alura.microservice.transportador.TransportadorApplicationTests" time="0.009">
    <error message="Unable to find a @SpringBootConfiguration, you need to use @ContextConfiguration or @SpringBootTest(classes=...) with your test" type="java.lang.IllegalStateException">java.lang.IllegalStateException: Unable to find a @SpringBootConfiguration, you need to use @ContextConfiguration or @SpringBootTest(classes=...) with your test
</error>
    <system-out><![CDATA[11:43:42.776 [main] DEBUG org.springframework.test.context.junit4.SpringJUnit4ClassRunner - SpringJUnit4ClassRunner constructor called with [class br.com.alura.microservice.transportador.TransportadorApplicationTests]
11:43:42.788 [main] DEBUG org.springframework.test.context.BootstrapUtils - Instantiating CacheAwareContextLoaderDelegate from class [org.springframework.test.context.cache.DefaultCacheAwareContextLoaderDelegate]
11:43:42.809 [main] DEBUG org.springframework.test.context.BootstrapUtils - Instantiating BootstrapContext using constructor [public org.springframework.test.context.support.DefaultBootstrapContext(java.lang.Class,org.springframework.test.context.CacheAwareContextLoaderDelegate)]
11:43:42.841 [main] DEBUG org.springframework.test.context.BootstrapUtils - Instantiating TestContextBootstrapper for test class [br.com.alura.microservice.transportador.TransportadorApplicationTests] from class [org.springframework.boot.test.context.SpringBootTestContextBootstrapper]
11:43:42.872 [main] INFO org.springframework.boot.test.context.SpringBootTestContextBootstrapper - Neither @ContextConfiguration nor @ContextHierarchy found for test class [br.com.alura.microservice.transportador.TransportadorApplicationTests], using SpringBootContextLoader
11:43:42.884 [main] DEBUG org.springframework.test.context.support.AbstractContextLoader - Did not detect default resource location for test class [br.com.alura.microservice.transportador.TransportadorApplicationTests]: class path resource [br/com/alura/microservice/transportador/TransportadorApplicationTests-context.xml] does not exist
11:43:42.887 [main] DEBUG org.springframework.test.context.support.AbstractContextLoader - Did not detect default resource location for test class [br.com.alura.microservice.transportador.TransportadorApplicationTests]: class path resource [br/com/alura/microservice/transportador/TransportadorApplicationTestsContext.groovy] does not exist
11:43:42.888 [main] INFO org.springframework.test.context.support.AbstractContextLoader - Could not detect default resource locations for test class [br.com.alura.microservice.transportador.TransportadorApplicationTests]: no resource found for suffixes {-context.xml, Context.groovy}.
11:43:42.891 [main] INFO org.springframework.test.context.support.AnnotationConfigContextLoaderUtils - Could not detect default configuration classes for test class [br.com.alura.microservice.transportador.TransportadorApplicationTests]: TransportadorApplicationTests does not declare any static, non-private, non-final, nested classes annotated with @Configuration.
11:43:42.992 [main] DEBUG org.springframework.test.context.support.ActiveProfilesUtils - Could not find an 'annotation declaring class' for annotation type [org.springframework.test.context.ActiveProfiles] and class [br.com.alura.microservice.transportador.TransportadorApplicationTests]
]]></system-out>
  </testcase>
</testsuite>